19:50:41 **** Build of configuration Debug for project Altera-SoCFPGA-HelloWorld-Baremetal-ARMCC ****
make all 
make: Warning: File 'objects.mk' has modification time 4 s in the future
Building file: ../test_cnn2.c
Invoking: ARM C Compiler
armcc --cpu=Cortex-A9 --fpu=VFPv3_FP16 -O3 -Ospace --loop_optimization_level=2 --vectorize -g --md --depend_format=unix_escaped --no_depend_system_headers -c -o "test_cnn2.o" "../test_cnn2.c"
Warning: C4367W: Vectorization can only be enabled at -O3 -Otime or -O2 -Otime
Warning: C4361W: Loop optimizations can only be enabled at -O3 -Otime or -O2 -Otime --vectorize
Finished building: ../test_cnn2.c
 
Building target: ../Altera-SoCFPGA-HelloWorld-Baremetal-ARMCC.axf
Invoking: ARM Linker
armlink --cpu=Cortex-A9 --fpu=VFPv3_FP16 --scatter="/tp/xph3sei/xph3sei708/CNN/ALTERA_CNN_BARE_METAL_FINAL/RemoteSystemsTempFiles/Altera-SoCFPGA-HelloWorld-Baremetal-ARMCC/cyclonev_scatter.scat" --info=sizes -o "../Altera-SoCFPGA-HelloWorld-Baremetal-ARMCC.axf"  ./test_cnn2.o   

==============================================================================

Image component sizes


      Code (inc. data)   RO Data    RW Data    ZI Data      Debug   Object Name

       476         48      19200          0          0       3827   test_cnn2.o

    ----------------------------------------------------------------------
       476         48      19216          0      32768       3827   Object Totals
         0          0         16          0      32768          0   (incl. Generated)
         0          0          0          0          0          0   (incl. Padding)

    ----------------------------------------------------------------------

      Code (inc. data)   RO Data    RW Data    ZI Data      Debug   Library Member Name

         8          0          0          0          0         68   __main.o
       284          0          0          0          0        156   __printf_wp.o
         0          0          0          0          0          0   __rtentry.o
        12          0          0          0          0          0   __rtentry2.o
         8          4          0          0          0          0   __rtentry6.o
        52          8          0          0          0          0   __scatter.o
        28          0          0          0          0          0   __scatter_zi.o
        48          6          0          0          0         96   _printf_char_common.o
        36          4          0          0          0         80   _printf_char_file.o
         6          0          0          0          0          0   _printf_e.o
      1038          0          0          0          0        216   _printf_fp_dec.o
       128         16          0          0          0         84   _printf_fp_infnan.o
         0          0          0          0          0          0   _printf_percent.o
         4          0          0          0          0          0   _printf_percent_end.o
       380          0          0          0          0         76   aeabi_sdiv.o
       216          6        148          0          0         96   bigflt0.o
      1910        128          0          0          0        672   btod.o
        10          0          0          0          0         68   defsig_exit.o
        50          0          0          0          0         88   defsig_general.o
        80         58          0          0          0         76   defsig_rtmem_inner.o
        14          0          0          0          0         80   defsig_rtmem_outer.o
        52         38          0          0          0         76   defsig_rtred_inner.o
        14          0          0          0          0         80   defsig_rtred_outer.o
        18          0          0          0          0         80   exit.o
        76          0          0          0          0         88   fclose.o
         8          0          0          0          0         68   ferror.o
       470          0          0          0          0         88   flsbuf.o
       236          4          0          0          0        128   fopen.o
        26          0          0          0          0         68   fputc.o
       248          6          0          0          0         84   fseek.o
        66          0          0          0          0         76   ftell.o
        94          0          0          0          0         80   h1_alloc.o
        48          0          0          0          0         68   h1_extend.o
        78          0          0          0          0         80   h1_free.o
        14          0          0          0          0         84   h1_init.o
        80          6          0          4          0         96   heapauxa.o
         4          0          0          0          0        136   hguard.o
         0          0          0          0          0          0   indicate_semi.o
       136          0          0          0          0        168   init_alloc.o
       312         46          0          0          0        112   initio.o
        44         10         28          0          0         76   lc_numeric_c.o
         2          0          0          0          0          0   libinit.o
        30          0          0          0          0          0   libinit2.o
        16          8          0          0          0          0   libinit4.o
         2          0          0          0          0          0   libshutdown.o
         6          0          0          0          0          0   libshutdown2.o
         0          0          0          0         96          0   libspace.o
       152          0          0          0          0         80   lludiv10.o
         0          0          0          0          0          0   maybetermalloc1.o
        24          4          0          0          0         84   noretval__2printf.o
         8          4          0          0          0         68   rt_errno_addr_intlibspace.o
         8          4          0          0          0         68   rt_heap_descriptor_intlibspace.o
         8          4          0          0          0         68   rt_locale_intlibspace.o
        80          0          0          0          0        172   rt_neon_memclr_w.o
       124          0          0          0          0        192   rt_noneon_memcpy_w_ca9.o
         2          0          0          0          0          0   rtexit.o
        10          0          0          0          0          0   rtexit2.o
        44          0          0          0          0         68   rtudiv10.o
        70          0          0          0          0         80   setvbuf.o
       240          6          0          0          0        156   stdio.o
         0          0          0         12        252          0   stdio_streams.o
       244          4          0          0          0         80   strcmp.o
        58          0          0          0          0         68   strlen.o
        36          6          0          4          0        100   sys_clock.o
        12          4          0          0          0         68   sys_exit.o
       102          0         12          0          0        240   sys_io.o
        14          0          0          0          0         76   sys_wrch.o
make: warning:  Clock skew detected.  Your build may be incomplete.
         2          0          0          0          0         68   use_no_semi.o
        10          0          0          0          0        116   fpinit.o
         4          0          0          0          0        116   printf1.o
         0          0          0          0          0          0   usenofp.o
        48          0          0          0          0        124   fpclassify.o

    ----------------------------------------------------------------------
      7708        384        188         20        348       5684   Library Totals
        16          0          0          0          0          0   (incl. Padding)

    ----------------------------------------------------------------------

      Code (inc. data)   RO Data    RW Data    ZI Data      Debug   Library Name

      7630        384        188         20        348       5328   c_2.l
        14          0          0          0          0        232   fz_2v.l
        48          0          0          0          0        124   m_2v.l

    ----------------------------------------------------------------------
      7708        384        188         20        348       5684   Library Totals

    ----------------------------------------------------------------------

==============================================================================


      Code (inc. data)   RO Data    RW Data    ZI Data      Debug   

      8184        432      19404         20      33116       6591   Grand Totals
      8184        432      19404         20      33116       6591   ELF Image Totals
      8184        432      19404         20          0          0   ROM Totals

==============================================================================

    Total RO  Size (Code + RO Data)                27588 (  26.94kB)
    Total RW  Size (RW Data + ZI Data)             33136 (  32.36kB)
    Total ROM Size (Code + RO Data + RW Data)      27608 (  26.96kB)

==============================================================================

Finished building target: ../Altera-SoCFPGA-HelloWorld-Baremetal-ARMCC.axf
 

19:50:42 Build Finished (took 165ms)

