16:15:02 **** Clean-only build of configuration Debug for project Altera-SoCFPGA-HelloWorld-Baremetal-ARMCC ****
make clean 
clean    ./hello.d         ./hello.o      ../Altera-SoCFPGA-HelloWorld-Baremetal-ARMCC.axf 
 
16:15:04 **** Clean-only build of configuration Debug for project Altera-SoCFPGA-HelloWorld-Baremetal-ARMCC ****
make clean 
clean    ./hello.d         ./hello.o      ../Altera-SoCFPGA-HelloWorld-Baremetal-ARMCC.axf 
 
16:15:04 **** Build of configuration Debug for project Altera-SoCFPGA-HelloWorld-Baremetal-ARMCC ****
make all 
make: Warning: File 'objects.mk' has modification time 1.6 s in the future
Building file: ../hello.c
Invoking: ARM C Compiler
armcc --cpu=Cortex-A9.no_neon.no_vfp -O0 -g --md --depend_format=unix_escaped --no_depend_system_headers -c -o "hello.o" "../hello.c"
Finished building: ../hello.c
 
Building target: ../Altera-SoCFPGA-HelloWorld-Baremetal-ARMCC.axf
Invoking: ARM Linker
armlink --cpu=Cortex-A9.no_neon.no_vfp --scatter="../cyclonev_scatter.scat" --info=sizes -o "../Altera-SoCFPGA-HelloWorld-Baremetal-ARMCC.axf"  ./hello.o   

==============================================================================

Image component sizes


      Code (inc. data)   RO Data    RW Data    ZI Data      Debug   Object Name

       120         84          0          0          0       2055   hello.o

    ----------------------------------------------------------------------
       120         84         16          0      32768       2055   Object Totals
         0          0         16          0      32768          0   (incl. Generated)
         0          0          0          0          0          0   (incl. Padding)

    ----------------------------------------------------------------------

      Code (inc. data)   RO Data    RW Data    ZI Data      Debug   Library Member Name

         8          0          0          0          0         68   __main.o
        40          0          0          0          0         84   __printf_nopercent.o
         0          0          0          0          0          0   __rtentry.o
        12          0          0          0          0          0   __rtentry2.o
         8          4          0          0          0          0   __rtentry6.o
        52          8          0          0          0          0   __scatter.o
        28          0          0          0          0          0   __scatter_zi.o
        48          6          0          0          0         96   _printf_char_common.o
        36          4          0          0          0         80   _printf_char_file.o
        10          0          0          0          0         68   defsig_exit.o
        50          0          0          0          0         88   defsig_general.o
        80         58          0          0          0         76   defsig_rtmem_inner.o
        14          0          0          0          0         80   defsig_rtmem_outer.o
        52         38          0          0          0         76   defsig_rtred_inner.o
        14          0          0          0          0         80   defsig_rtred_outer.o
        18          0          0          0          0         80   exit.o
        76          0          0          0          0         88   fclose.o
         8          0          0          0          0         68   ferror.o
       470          0          0          0          0         88   flsbuf.o
       236          4          0          0          0        128   fopen.o
        26          0          0          0          0         68   fputc.o
       248          6          0          0          0         84   fseek.o
        66          0          0          0          0         76   ftell.o
        94          0          0          0          0         80   h1_alloc.o
        48          0          0          0          0         68   h1_extend.o
        78          0          0          0          0         80   h1_free.o
        14          0          0          0          0         84   h1_init.o
        80          6          0          4          0         96   heapauxa.o
         4          0          0          0          0        136   hguard.o
         0          0          0          0          0          0   indicate_semi.o
       136          0          0          0          0        168   init_alloc.o
       312         46          0          0          0        112   initio.o
         2          0          0          0          0          0   libinit.o
         6          0          0          0          0          0   libinit2.o
        16          8          0          0          0          0   libinit4.o
         2          0          0          0          0          0   libshutdown.o
         6          0          0          0          0          0   libshutdown2.o
         0          0          0          0         96          0   libspace.o
         0          0          0          0          0          0   maybetermalloc1.o
make: warning:  Clock skew detected.  Your build may be incomplete.
        24          4          0          0          0         84   noretval__2printf.o
         8          4          0          0          0         68   rt_errno_addr_intlibspace.o
         8          4          0          0          0         68   rt_heap_descriptor_intlibspace.o
        78          0          0          0          0         80   rt_memclr_w.o
         2          0          0          0          0          0   rtexit.o
        10          0          0          0          0          0   rtexit2.o
        70          0          0          0          0         80   setvbuf.o
       240          6          0          0          0        156   stdio.o
         0          0          0         12        252          0   stdio_streams.o
        58          0          0          0          0         68   strlen.o
        12          4          0          0          0         68   sys_exit.o
       102          0         12          0          0        240   sys_io.o
        14          0          0          0          0         76   sys_wrch.o
         2          0          0          0          0         68   use_no_semi.o

    ----------------------------------------------------------------------
      3034        210         14         16        348       3356   Library Totals
         8          0          2          0          0          0   (incl. Padding)

    ----------------------------------------------------------------------

      Code (inc. data)   RO Data    RW Data    ZI Data      Debug   Library Name

      3026        210         12         16        348       3356   c_2.l

    ----------------------------------------------------------------------
      3034        210         14         16        348       3356   Library Totals

    ----------------------------------------------------------------------

==============================================================================


      Code (inc. data)   RO Data    RW Data    ZI Data      Debug   

      3154        294         30         16      33116       3727   Grand Totals
      3154        294         30         16      33116       3727   ELF Image Totals
      3154        294         30         16          0          0   ROM Totals

==============================================================================

    Total RO  Size (Code + RO Data)                 3184 (   3.11kB)
    Total RW  Size (RW Data + ZI Data)             33132 (  32.36kB)
    Total ROM Size (Code + RO Data + RW Data)       3200 (   3.12kB)

==============================================================================

Finished building target: ../Altera-SoCFPGA-HelloWorld-Baremetal-ARMCC.axf
 
16:18:26 **** Clean-only build of configuration Debug for project Altera-SoCFPGA-HelloWorld-Baremetal-ARMCC ****
make clean 
clean    ./hello.d         ./hello.o      ../Altera-SoCFPGA-HelloWorld-Baremetal-ARMCC.axf 
 
16:18:29 **** Build of configuration Debug for project Altera-SoCFPGA-HelloWorld-Baremetal-ARMCC ****
make all 
make: Warning: File 'objects.mk' has modification time 1.7 s in the future
Building file: ../layers.c
Invoking: ARM C Compiler
armcc --cpu=Cortex-A9.no_neon.no_vfp -O0 -g --md --depend_format=unix_escaped --no_depend_system_headers -c -o "layers.o" "../layers.c"
"../layers.c", line 47: Warning:  #9-D: nested comment is not allowed
      /*for(int i=0;i<outputChannels;i++){
      ^
"../layers.c", line 71: Warning:  #9-D: nested comment is not allowed
  /*class MaxpoolLayer():
  ^
../layers.c: 2 warnings, 0 errors
Finished building: ../layers.c
 
Building file: ../main.c
Invoking: ARM C Compiler
armcc --cpu=Cortex-A9.no_neon.no_vfp -O0 -g --md --depend_format=unix_escaped --no_depend_system_headers -c -o "main.o" "../main.c"
"../main.c", line 18: Warning:  #177-D: variable "time" was declared but never referenced
  	double time;
  	       ^
"../main.c", line 19: Warning:  #177-D: variable "end" was declared but never referenced
  	clock_t end;
  	        ^
../main.c: 2 warnings, 0 errors
Finished building: ../main.c
 
Building target: ../Altera-SoCFPGA-HelloWorld-Baremetal-ARMCC.axf
Invoking: ARM Linker
armlink --cpu=Cortex-A9.no_neon.no_vfp --scatter="../cyclonev_scatter.scat" --info=sizes -o "../Altera-SoCFPGA-HelloWorld-Baremetal-ARMCC.axf"  ./layers.o ./main.o   

==============================================================================

Image component sizes


      Code (inc. data)   RO Data    RW Data    ZI Data      Debug   Object Name

       404          0          0          0          0       3725   layers.o
       124          4         64          0          0       2399   main.o

    ----------------------------------------------------------------------
       528          4         64          0      32768       6124   Object Totals
         0          0          0          0      32768          0   (incl. Generated)
         0          0          0          0          0          0   (incl. Padding)

    ----------------------------------------------------------------------

      Code (inc. data)   RO Data    RW Data    ZI Data      Debug   Library Member Name

         8          0          0          0          0         68   __main.o
         0          0          0          0          0          0   __rtentry.o
        12          0          0          0          0          0   __rtentry2.o
         8          4          0          0          0          0   __rtentry6.o
       380          0          0          0          0         76   aeabi_sdiv.o
        18          0          0          0          0         80   exit.o
         0          0          0          0          0          0   indicate_semi.o
         2          0          0          0          0          0   libinit.o
         2          0          0          0          0          0   libinit2.o
         2          0          0          0          0          0   libshutdown.o
         2          0          0          0          0          0   libshutdown2.o
       124          0          0          0          0         96   rt_memcpy_w_ca9.o
         2          0          0          0          0          0   rtexit.o
        10          0          0          0          0          0   rtexit2.o
        12          4          0          0          0         68   sys_exit.o
         2          0          0          0          0         68   use_no_semi.o
       430          8          0          0          0        168   faddsub_clz.o
       258          4          0          0          0         84   fmul.o
       140          4          0          0          0         84   fnaninf.o
        10          0          0          0          0         68   fretinf.o
make: warning:  Clock skew detected.  Your build may be incomplete.
         0          0          0          0          0          0   usenofp.o

    ----------------------------------------------------------------------
      1428         24          0          0          0        860   Library Totals
         6          0          0          0          0          0   (incl. Padding)

    ----------------------------------------------------------------------

      Code (inc. data)   RO Data    RW Data    ZI Data      Debug   Library Name

       584          8          0          0          0        456   c_2.l
       838         16          0          0          0        404   fz_2s.l

    ----------------------------------------------------------------------
      1428         24          0          0          0        860   Library Totals

    ----------------------------------------------------------------------

==============================================================================


      Code (inc. data)   RO Data    RW Data    ZI Data      Debug   

      1956         28         64          0      32768       6464   Grand Totals
      1956         28         64          0      32768       6464   ELF Image Totals
      1956         28         64          0          0          0   ROM Totals

==============================================================================

    Total RO  Size (Code + RO Data)                 2020 (   1.97kB)
    Total RW  Size (RW Data + ZI Data)             32768 (  32.00kB)
    Total ROM Size (Code + RO Data + RW Data)       2020 (   1.97kB)

==============================================================================

Finished building target: ../Altera-SoCFPGA-HelloWorld-Baremetal-ARMCC.axf
 
16:18:49 **** Clean-only build of configuration Debug for project Altera-SoCFPGA-HelloWorld-Baremetal-ARMCC ****
make clean 
clean    ./layers.d ./main.d         ./layers.o ./main.o      ../Altera-SoCFPGA-HelloWorld-Baremetal-ARMCC.axf 
 
16:18:52 **** Build of configuration Debug for project Altera-SoCFPGA-HelloWorld-Baremetal-ARMCC ****
make all 
make: Warning: File 'objects.mk' has modification time 1.8 s in the future
Building file: ../layers.c
Invoking: ARM C Compiler
armcc --cpu=Cortex-A9.no_neon.no_vfp -O0 -g --md --depend_format=unix_escaped --no_depend_system_headers -c -o "layers.o" "../layers.c"
"../layers.c", line 47: Warning:  #9-D: nested comment is not allowed
      /*for(int i=0;i<outputChannels;i++){
      ^
"../layers.c", line 71: Warning:  #9-D: nested comment is not allowed
  /*class MaxpoolLayer():
  ^
../layers.c: 2 warnings, 0 errors
Finished building: ../layers.c
 
Building file: ../main.c
Invoking: ARM C Compiler
armcc --cpu=Cortex-A9.no_neon.no_vfp -O0 -g --md --depend_format=unix_escaped --no_depend_system_headers -c -o "main.o" "../main.c"
"../main.c", line 18: Warning:  #177-D: variable "time" was declared but never referenced
  	double time;
  	       ^
"../main.c", line 19: Warning:  #177-D: variable "end" was declared but never referenced
  	clock_t end;
  	        ^
../main.c: 2 warnings, 0 errors
Finished building: ../main.c
 
Building target: ../Altera-SoCFPGA-HelloWorld-Baremetal-ARMCC.axf
Invoking: ARM Linker
armlink --cpu=Cortex-A9.no_neon.no_vfp --scatter="../cyclonev_scatter.scat" --info=sizes -o "../Altera-SoCFPGA-HelloWorld-Baremetal-ARMCC.axf"  ./layers.o ./main.o   

==============================================================================

Image component sizes


      Code (inc. data)   RO Data    RW Data    ZI Data      Debug   Object Name

       404          0          0          0          0       3725   layers.o
       124          4         64          0          0       2399   main.o

    ----------------------------------------------------------------------
       528          4         64          0      32768       6124   Object Totals
         0          0          0          0      32768          0   (incl. Generated)
         0          0          0          0          0          0   (incl. Padding)

    ----------------------------------------------------------------------

      Code (inc. data)   RO Data    RW Data    ZI Data      Debug   Library Member Name

         8          0          0          0          0         68   __main.o
         0          0          0          0          0          0   __rtentry.o
        12          0          0          0          0          0   __rtentry2.o
         8          4          0          0          0          0   __rtentry6.o
       380          0          0          0          0         76   aeabi_sdiv.o
        18          0          0          0          0         80   exit.o
         0          0          0          0          0          0   indicate_semi.o
         2          0          0          0          0          0   libinit.o
         2          0          0          0          0          0   libinit2.o
         2          0          0          0          0          0   libshutdown.o
         2          0          0          0          0          0   libshutdown2.o
       124          0          0          0          0         96   rt_memcpy_w_ca9.o
         2          0          0          0          0          0   rtexit.o
        10          0          0          0          0          0   rtexit2.o
        12          4          0          0          0         68   sys_exit.o
         2          0          0          0          0         68   use_no_semi.o
       430          8          0          0          0        168   faddsub_clz.o
       258          4          0          0          0         84   fmul.o
       140          4          0          0          0         84   fnaninf.o
        10          0          0          0          0         68   fretinf.o
         0          0          0          0          0          0   usenofp.o

    ----------------------------------------------------------------------
      1428         24          0          0          0        860   Library Totals
         6          0          0          0          0          0   (incl. Padding)

    ----------------------------------------------------------------------

      Code (inc. data)   RO Data    RW Data    ZI Data      Debug   Library Name

       584          8          0          0          0        456   c_2.l
       838         16          0          0          0        404   fz_2s.l

    ----------------------------------------------------------------------
      1428         24          0          0          0        860   Library Totals
make: warning:  Clock skew detected.  Your build may be incomplete.

    ----------------------------------------------------------------------

==============================================================================


      Code (inc. data)   RO Data    RW Data    ZI Data      Debug   

      1956         28         64          0      32768       6464   Grand Totals
      1956         28         64          0      32768       6464   ELF Image Totals
      1956         28         64          0          0          0   ROM Totals

==============================================================================

    Total RO  Size (Code + RO Data)                 2020 (   1.97kB)
    Total RW  Size (RW Data + ZI Data)             32768 (  32.00kB)
    Total ROM Size (Code + RO Data + RW Data)       2020 (   1.97kB)

==============================================================================

Finished building target: ../Altera-SoCFPGA-HelloWorld-Baremetal-ARMCC.axf
 
16:19:15 **** Clean-only build of configuration Debug for project Altera-SoCFPGA-HelloWorld-Baremetal-ARMCC ****
make clean 
clean    ./layers.d ./main.d         ./layers.o ./main.o      ../Altera-SoCFPGA-HelloWorld-Baremetal-ARMCC.axf 
 
16:19:17 **** Build of configuration Debug for project Altera-SoCFPGA-HelloWorld-Baremetal-ARMCC ****
make all 
make: Warning: File 'objects.mk' has modification time 1.1 s in the future
Building file: ../layers.c
Invoking: ARM C Compiler
armcc --cpu=Cortex-A9.no_neon.no_vfp -O0 -g --md --depend_format=unix_escaped --no_depend_system_headers -c -o "layers.o" "../layers.c"
"../layers.c", line 47: Warning:  #9-D: nested comment is not allowed
      /*for(int i=0;i<outputChannels;i++){
      ^
"../layers.c", line 71: Warning:  #9-D: nested comment is not allowed
  /*class MaxpoolLayer():
  ^
../layers.c: 2 warnings, 0 errors
Finished building: ../layers.c
 
Building file: ../main.c
Invoking: ARM C Compiler
armcc --cpu=Cortex-A9.no_neon.no_vfp -O0 -g --md --depend_format=unix_escaped --no_depend_system_headers -c -o "main.o" "../main.c"
Finished building: ../main.c
 
Building target: ../Altera-SoCFPGA-HelloWorld-Baremetal-ARMCC.axf
Invoking: ARM Linker
armlink --cpu=Cortex-A9.no_neon.no_vfp --scatter="../cyclonev_scatter.scat" --info=sizes -o "../Altera-SoCFPGA-HelloWorld-Baremetal-ARMCC.axf"  ./layers.o ./main.o   

==============================================================================

Image component sizes


      Code (inc. data)   RO Data    RW Data    ZI Data      Debug   Object Name

       404          0          0          0          0       3725   layers.o
       236         32         64          0          0       2463   main.o

    ----------------------------------------------------------------------
       640         32         80          0      32768       6188   Object Totals
         0          0         16          0      32768          0   (incl. Generated)
         0          0          0          0          0          0   (incl. Padding)

    ----------------------------------------------------------------------

      Code (inc. data)   RO Data    RW Data    ZI Data      Debug   Library Member Name

         8          0          0          0          0         68   __main.o
       184          0          0          0          0         84   __printf_ss.o
         0          0          0          0          0          0   __rtentry.o
        12          0          0          0          0          0   __rtentry2.o
         8          4          0          0          0          0   __rtentry6.o
        52          8          0          0          0          0   __scatter.o
        28          0          0          0          0          0   __scatter_zi.o
        48          6          0          0          0         96   _printf_char_common.o
        36          4          0          0          0         80   _printf_char_file.o
         6          0          0          0          0          0   _printf_f.o
      1038          0          0          0          0        216   _printf_fp_dec.o
       128         16          0          0          0         84   _printf_fp_infnan.o
         0          0          0          0          0          0   _printf_percent.o
         4          0          0          0          0          0   _printf_percent_end.o
       380          0          0          0          0         76   aeabi_sdiv.o
       216          6        148          0          0         96   bigflt0.o
      1910        128          0          0          0        672   btod.o
        10          0          0          0          0         68   defsig_exit.o
        50          0          0          0          0         88   defsig_general.o
        80         58          0          0          0         76   defsig_rtmem_inner.o
        14          0          0          0          0         80   defsig_rtmem_outer.o
        52         38          0          0          0         76   defsig_rtred_inner.o
        14          0          0          0          0         80   defsig_rtred_outer.o
        18          0          0          0          0         80   exit.o
        76          0          0          0          0         88   fclose.o
         8          0          0          0          0         68   ferror.o
       470          0          0          0          0         88   flsbuf.o
       236          4          0          0          0        128   fopen.o
        26          0          0          0          0         68   fputc.o
       248          6          0          0          0         84   fseek.o
        66          0          0          0          0         76   ftell.o
        94          0          0          0          0         80   h1_alloc.o
        48          0          0          0          0         68   h1_extend.o
        78          0          0          0          0         80   h1_free.o
        14          0          0          0          0         84   h1_init.o
        80          6          0          4          0         96   heapauxa.o
         4          0          0          0          0        136   hguard.o
         0          0          0          0          0          0   indicate_semi.o
       136          0          0          0          0        168   init_alloc.o
       312         46          0          0          0        112   initio.o
        44         10         28          0          0         76   lc_numeric_c.o
         2          0          0          0          0          0   libinit.o
        26          0          0          0          0          0   libinit2.o
        16          8          0          0          0          0   libinit4.o
         2          0          0          0          0          0   libshutdown.o
         6          0          0          0          0          0   libshutdown2.o
         0          0          0          0         96          0   libspace.o
       152          0          0          0          0         80   lludiv10.o
         0          0          0          0          0          0   maybetermalloc1.o
        24          4          0          0          0         84   noretval__2printf.o
         8          4          0          0          0         68   rt_errno_addr_intlibspace.o
         8          4          0          0          0         68   rt_heap_descriptor_intlibspace.o
         8          4          0          0          0         68   rt_locale_intlibspace.o
        78          0          0          0          0         80   rt_memclr_w.o
       124          0          0          0          0         96   rt_memcpy_w_ca9.o
         2          0          0          0          0          0   rtexit.o
        10          0          0          0          0          0   rtexit2.o
        44          0          0          0          0         68   rtudiv10.o
        70          0          0          0          0         80   setvbuf.o
       240          6          0          0          0        156   stdio.o
         0          0          0         12        252          0   stdio_streams.o
make: warning:  Clock skew detected.  Your build may be incomplete.
       244          4          0          0          0         80   strcmp.o
        58          0          0          0          0         68   strlen.o
        36          6          0          4          0        100   sys_clock.o
        12          4          0          0          0         68   sys_exit.o
       102          0         12          0          0        240   sys_io.o
        14          0          0          0          0         76   sys_wrch.o
         2          0          0          0          0         68   use_no_semi.o
       688        140          0          0          0        208   ddiv.o
        38          0          0          0          0         68   dflt_clz.o
       156          4          0          0          0         92   dnaninf.o
        12          0          0          0          0         68   dretinf.o
       430          8          0          0          0        168   faddsub_clz.o
       258          4          0          0          0         84   fmul.o
       140          4          0          0          0         84   fnaninf.o
        10          0          0          0          0         68   fretinf.o
         4          0          0          0          0         68   printf1.o
         0          0          0          0          0          0   usenofp.o
        40          0          0          0          0         68   fpclassify.o

    ----------------------------------------------------------------------
      9316        544        188         20        348       6044   Library Totals
        16          0          0          0          0          0   (incl. Padding)

    ----------------------------------------------------------------------

      Code (inc. data)   RO Data    RW Data    ZI Data      Debug   Library Name

      7524        384        188         20        348       5068   c_2.l
      1736        160          0          0          0        908   fz_2s.l
        40          0          0          0          0         68   m_2s.l

    ----------------------------------------------------------------------
      9316        544        188         20        348       6044   Library Totals

    ----------------------------------------------------------------------

==============================================================================


      Code (inc. data)   RO Data    RW Data    ZI Data      Debug   

      9956        576        268         20      33116       8884   Grand Totals
      9956        576        268         20      33116       8884   ELF Image Totals
      9956        576        268         20          0          0   ROM Totals

==============================================================================

    Total RO  Size (Code + RO Data)                10224 (   9.98kB)
    Total RW  Size (RW Data + ZI Data)             33136 (  32.36kB)
    Total ROM Size (Code + RO Data + RW Data)      10244 (  10.00kB)

==============================================================================

Finished building target: ../Altera-SoCFPGA-HelloWorld-Baremetal-ARMCC.axf
 
16:36:42 **** Clean-only build of configuration Debug for project Altera-SoCFPGA-HelloWorld-Baremetal-ARMCC ****
make clean 
clean    ./layers.d ./main.d         ./layers.o ./main.o      ../Altera-SoCFPGA-HelloWorld-Baremetal-ARMCC.axf 
 
16:36:45 **** Build of configuration Debug for project Altera-SoCFPGA-HelloWorld-Baremetal-ARMCC ****
make all 
make: Warning: File 'objects.mk' has modification time 1.4 s in the future
Building file: ../layers.c
Invoking: ARM C Compiler
armcc --cpu=Cortex-A9 --fpu=VFPv3_FP16 -O0 -g --md --depend_format=unix_escaped --no_depend_system_headers -c -o "layers.o" "../layers.c"
"../layers.c", line 47: Warning:  #9-D: nested comment is not allowed
      /*for(int i=0;i<outputChannels;i++){
      ^
"../layers.c", line 71: Warning:  #9-D: nested comment is not allowed
  /*class MaxpoolLayer():
  ^
../layers.c: 2 warnings, 0 errors
Finished building: ../layers.c
 
Building file: ../main.c
Invoking: ARM C Compiler
armcc --cpu=Cortex-A9 --fpu=VFPv3_FP16 -O0 -g --md --depend_format=unix_escaped --no_depend_system_headers -c -o "main.o" "../main.c"
Finished building: ../main.c
 
Building target: ../Altera-SoCFPGA-HelloWorld-Baremetal-ARMCC.axf
Invoking: ARM Linker
armlink --cpu=Cortex-A9 --fpu=VFPv3_FP16 --scatter="/tp/xph3sei/xph3sei708/CNN/ALTERA_CNN_BARE_METAL_FINAL/RemoteSystemsTempFiles/Altera-SoCFPGA-HelloWorld-Baremetal-ARMCC/scatter_SDRAM.scat" --info=sizes -o "../Altera-SoCFPGA-HelloWorld-Baremetal-ARMCC.axf"  ./layers.o ./main.o   

==============================================================================

Image component sizes


      Code (inc. data)   RO Data    RW Data    ZI Data      Debug   Object Name

       412          0          0          0          0       3853   layers.o
       220         36         64          0          0       2535   main.o

    ----------------------------------------------------------------------
       632         36         80          0   16777216       6388   Object Totals
         0          0         16          0   16777216          0   (incl. Generated)
         0          0          0          0          0          0   (incl. Padding)

    ----------------------------------------------------------------------

      Code (inc. data)   RO Data    RW Data    ZI Data      Debug   Library Member Name

         8          0          0          0          0         68   __main.o
       184          0          0          0          0         84   __printf_ss.o
         0          0          0          0          0          0   __rtentry.o
        12          0          0          0          0          0   __rtentry2.o
         8          4          0          0          0          0   __rtentry6.o
        52          8          0          0          0          0   __scatter.o
        28          0          0          0          0          0   __scatter_zi.o
        48          6          0          0          0         96   _printf_char_common.o
        36          4          0          0          0         80   _printf_char_file.o
         6          0          0          0          0          0   _printf_f.o
      1038          0          0          0          0        216   _printf_fp_dec.o
       128         16          0          0          0         84   _printf_fp_infnan.o
         0          0          0          0          0          0   _printf_percent.o
         4          0          0          0          0          0   _printf_percent_end.o
       380          0          0          0          0         76   aeabi_sdiv.o
       216          6        148          0          0         96   bigflt0.o
      1910        128          0          0          0        672   btod.o
        10          0          0          0          0         68   defsig_exit.o
        50          0          0          0          0         88   defsig_general.o
        80         58          0          0          0         76   defsig_rtmem_inner.o
        14          0          0          0          0         80   defsig_rtmem_outer.o
        52         38          0          0          0         76   defsig_rtred_inner.o
        14          0          0          0          0         80   defsig_rtred_outer.o
        18          0          0          0          0         80   exit.o
        76          0          0          0          0         88   fclose.o
         8          0          0          0          0         68   ferror.o
       470          0          0          0          0         88   flsbuf.o
       236          4          0          0          0        128   fopen.o
        26          0          0          0          0         68   fputc.o
       248          6          0          0          0         84   fseek.o
        66          0          0          0          0         76   ftell.o
        94          0          0          0          0         80   h1_alloc.o
        48          0          0          0          0         68   h1_extend.o
        78          0          0          0          0         80   h1_free.o
        14          0          0          0          0         84   h1_init.o
        80          6          0          4          0         96   heapauxa.o
         4          0          0          0          0        136   hguard.o
         0          0          0          0          0          0   indicate_semi.o
       136          0          0          0          0        168   init_alloc.o
       312         46          0          0          0        112   initio.o
        44         10         28          0          0         76   lc_numeric_c.o
         2          0          0          0          0          0   libinit.o
        30          0          0          0          0          0   libinit2.o
        16          8          0          0          0          0   libinit4.o
         2          0          0          0          0          0   libshutdown.o
         6          0          0          0          0          0   libshutdown2.o
         0          0          0          0         96          0   libspace.o
       152          0          0          0          0         80   lludiv10.o
         0          0          0          0          0          0   maybetermalloc1.o
        24          4          0          0          0         84   noretval__2printf.o
         8          4          0          0          0         68   rt_errno_addr_intlibspace.o
         8          4          0          0          0         68   rt_heap_descriptor_intlibspace.o
         8          4          0          0          0         68   rt_locale_intlibspace.o
        80          0          0          0          0        172   rt_neon_memclr_w.o
       124          0          0          0          0        192   rt_noneon_memcpy_w_ca9.o
         2          0          0          0          0          0   rtexit.o
        10          0          0          0          0          0   rtexit2.o
        44          0          0          0          0         68   rtudiv10.o
        70          0          0          0          0         80   setvbuf.o
       240          6          0          0          0        156   stdio.o
         0          0          0         12        252          0   stdio_streams.o
       244          4          0          0          0         80   strcmp.o
        58          0          0          0          0         68   strlen.o
        36          6          0          4          0        100   sys_clock.o
make: warning:  Clock skew detected.  Your build may be incomplete.
        12          4          0          0          0         68   sys_exit.o
       102          0         12          0          0        240   sys_io.o
        14          0          0          0          0         76   sys_wrch.o
         2          0          0          0          0         68   use_no_semi.o
        10          0          0          0          0        116   fpinit.o
         4          0          0          0          0        116   printf1.o
         0          0          0          0          0          0   usenofp.o
        48          0          0          0          0        124   fpclassify.o

    ----------------------------------------------------------------------
      7604        384        188         20        348       5612   Library Totals
        12          0          0          0          0          0   (incl. Padding)

    ----------------------------------------------------------------------

      Code (inc. data)   RO Data    RW Data    ZI Data      Debug   Library Name

      7530        384        188         20        348       5256   c_2.l
        14          0          0          0          0        232   fz_2v.l
        48          0          0          0          0        124   m_2v.l

    ----------------------------------------------------------------------
      7604        384        188         20        348       5612   Library Totals

    ----------------------------------------------------------------------

==============================================================================


      Code (inc. data)   RO Data    RW Data    ZI Data      Debug   

      8236        420        268         20   16777564       9032   Grand Totals
      8236        420        268         20   16777564       9032   ELF Image Totals
      8236        420        268         20          0          0   ROM Totals

==============================================================================

    Total RO  Size (Code + RO Data)                 8504 (   8.30kB)
    Total RW  Size (RW Data + ZI Data)          16777584 (16384.36kB)
    Total ROM Size (Code + RO Data + RW Data)       8524 (   8.32kB)

==============================================================================

Finished building target: ../Altera-SoCFPGA-HelloWorld-Baremetal-ARMCC.axf
 
16:37:26 **** Clean-only build of configuration Debug for project Altera-SoCFPGA-HelloWorld-Baremetal-ARMCC ****
make clean 
clean    ./layers.d ./main.d         ./layers.o ./main.o      ../Altera-SoCFPGA-HelloWorld-Baremetal-ARMCC.axf 
 
16:37:29 **** Build of configuration Debug for project Altera-SoCFPGA-HelloWorld-Baremetal-ARMCC ****
make all 
make: Warning: File 'objects.mk' has modification time 1.9 s in the future
Building file: ../layers.c
Invoking: ARM C Compiler
armcc --cpu=Cortex-A9 --fpu=VFPv3_FP16 -O0 -g --md --depend_format=unix_escaped --no_depend_system_headers -c -o "layers.o" "../layers.c"
"../layers.c", line 47: Warning:  #9-D: nested comment is not allowed
      /*for(int i=0;i<outputChannels;i++){
      ^
"../layers.c", line 71: Warning:  #9-D: nested comment is not allowed
  /*class MaxpoolLayer():
  ^
../layers.c: 2 warnings, 0 errors
Finished building: ../layers.c
 
Building file: ../main.c
Invoking: ARM C Compiler
armcc --cpu=Cortex-A9 --fpu=VFPv3_FP16 -O0 -g --md --depend_format=unix_escaped --no_depend_system_headers -c -o "main.o" "../main.c"
Finished building: ../main.c
 
Building target: ../Altera-SoCFPGA-HelloWorld-Baremetal-ARMCC.axf
Invoking: ARM Linker
armlink --cpu=Cortex-A9 --fpu=VFPv3_FP16 --scatter="/tp/xph3sei/xph3sei708/CNN/ALTERA_CNN_BARE_METAL_FINAL/RemoteSystemsTempFiles/Altera-SoCFPGA-HelloWorld-Baremetal-ARMCC/scatter_SDRAM.scat" --info=sizes -o "../Altera-SoCFPGA-HelloWorld-Baremetal-ARMCC.axf"  ./layers.o ./main.o   

==============================================================================

Image component sizes


      Code (inc. data)   RO Data    RW Data    ZI Data      Debug   Object Name

       412          0          0          0          0       3853   layers.o
       220         36         64          0          0       2535   main.o

    ----------------------------------------------------------------------
       632         36         80          0   16777216       6388   Object Totals
         0          0         16          0   16777216          0   (incl. Generated)
         0          0          0          0          0          0   (incl. Padding)

    ----------------------------------------------------------------------

      Code (inc. data)   RO Data    RW Data    ZI Data      Debug   Library Member Name

         8          0          0          0          0         68   __main.o
       184          0          0          0          0         84   __printf_ss.o
         0          0          0          0          0          0   __rtentry.o
        12          0          0          0          0          0   __rtentry2.o
         8          4          0          0          0          0   __rtentry6.o
        52          8          0          0          0          0   __scatter.o
        28          0          0          0          0          0   __scatter_zi.o
        48          6          0          0          0         96   _printf_char_common.o
        36          4          0          0          0         80   _printf_char_file.o
         6          0          0          0          0          0   _printf_f.o
      1038          0          0          0          0        216   _printf_fp_dec.o
       128         16          0          0          0         84   _printf_fp_infnan.o
         0          0          0          0          0          0   _printf_percent.o
         4          0          0          0          0          0   _printf_percent_end.o
       380          0          0          0          0         76   aeabi_sdiv.o
       216          6        148          0          0         96   bigflt0.o
      1910        128          0          0          0        672   btod.o
        10          0          0          0          0         68   defsig_exit.o
        50          0          0          0          0         88   defsig_general.o
        80         58          0          0          0         76   defsig_rtmem_inner.o
        14          0          0          0          0         80   defsig_rtmem_outer.o
        52         38          0          0          0         76   defsig_rtred_inner.o
        14          0          0          0          0         80   defsig_rtred_outer.o
        18          0          0          0          0         80   exit.o
        76          0          0          0          0         88   fclose.o
         8          0          0          0          0         68   ferror.o
       470          0          0          0          0         88   flsbuf.o
       236          4          0          0          0        128   fopen.o
        26          0          0          0          0         68   fputc.o
       248          6          0          0          0         84   fseek.o
        66          0          0          0          0         76   ftell.o
        94          0          0          0          0         80   h1_alloc.o
        48          0          0          0          0         68   h1_extend.o
        78          0          0          0          0         80   h1_free.o
        14          0          0          0          0         84   h1_init.o
        80          6          0          4          0         96   heapauxa.o
         4          0          0          0          0        136   hguard.o
         0          0          0          0          0          0   indicate_semi.o
       136          0          0          0          0        168   init_alloc.o
       312         46          0          0          0        112   initio.o
        44         10         28          0          0         76   lc_numeric_c.o
         2          0          0          0          0          0   libinit.o
        30          0          0          0          0          0   libinit2.o
        16          8          0          0          0          0   libinit4.o
         2          0          0          0          0          0   libshutdown.o
         6          0          0          0          0          0   libshutdown2.o
         0          0          0          0         96          0   libspace.o
       152          0          0          0          0         80   lludiv10.o
         0          0          0          0          0          0   maybetermalloc1.o
        24          4          0          0          0         84   noretval__2printf.o
         8          4          0          0          0         68   rt_errno_addr_intlibspace.o
         8          4          0          0          0         68   rt_heap_descriptor_intlibspace.o
         8          4          0          0          0         68   rt_locale_intlibspace.o
        80          0          0          0          0        172   rt_neon_memclr_w.o
       124          0          0          0          0        192   rt_noneon_memcpy_w_ca9.o
         2          0          0          0          0          0   rtexit.o
        10          0          0          0          0          0   rtexit2.o
        44          0          0          0          0         68   rtudiv10.o
        70          0          0          0          0         80   setvbuf.o
       240          6          0          0          0        156   stdio.o
         0          0          0         12        252          0   stdio_streams.o
       244          4          0          0          0         80   strcmp.o
make: warning:  Clock skew detected.  Your build may be incomplete.
        58          0          0          0          0         68   strlen.o
        36          6          0          4          0        100   sys_clock.o
        12          4          0          0          0         68   sys_exit.o
       102          0         12          0          0        240   sys_io.o
        14          0          0          0          0         76   sys_wrch.o
         2          0          0          0          0         68   use_no_semi.o
        10          0          0          0          0        116   fpinit.o
         4          0          0          0          0        116   printf1.o
         0          0          0          0          0          0   usenofp.o
        48          0          0          0          0        124   fpclassify.o

    ----------------------------------------------------------------------
      7604        384        188         20        348       5612   Library Totals
        12          0          0          0          0          0   (incl. Padding)

    ----------------------------------------------------------------------

      Code (inc. data)   RO Data    RW Data    ZI Data      Debug   Library Name

      7530        384        188         20        348       5256   c_2.l
        14          0          0          0          0        232   fz_2v.l
        48          0          0          0          0        124   m_2v.l

    ----------------------------------------------------------------------
      7604        384        188         20        348       5612   Library Totals

    ----------------------------------------------------------------------

==============================================================================


      Code (inc. data)   RO Data    RW Data    ZI Data      Debug   

      8236        420        268         20   16777564       9032   Grand Totals
      8236        420        268         20   16777564       9032   ELF Image Totals
      8236        420        268         20          0          0   ROM Totals

==============================================================================

    Total RO  Size (Code + RO Data)                 8504 (   8.30kB)
    Total RW  Size (RW Data + ZI Data)          16777584 (16384.36kB)
    Total ROM Size (Code + RO Data + RW Data)       8524 (   8.32kB)

==============================================================================

Finished building target: ../Altera-SoCFPGA-HelloWorld-Baremetal-ARMCC.axf
 
16:42:38 **** Clean-only build of configuration Debug for project Altera-SoCFPGA-HelloWorld-Baremetal-ARMCC ****
make clean 
clean    ./layers.d ./main.d         ./layers.o ./main.o      ../Altera-SoCFPGA-HelloWorld-Baremetal-ARMCC.axf 
 
16:42:40 **** Build of configuration Debug for project Altera-SoCFPGA-HelloWorld-Baremetal-ARMCC ****
make all 
make: Warning: File 'objects.mk' has modification time 1.5 s in the future
Building file: ../layers.c
Invoking: ARM C Compiler
armcc --cpu=Cortex-A9 --fpu=VFPv3_FP16 -O0 -g --md --depend_format=unix_escaped --no_depend_system_headers -c -o "layers.o" "../layers.c"
"../layers.c", line 47: Warning:  #9-D: nested comment is not allowed
      /*for(int i=0;i<outputChannels;i++){
      ^
"../layers.c", line 71: Warning:  #9-D: nested comment is not allowed
  /*class MaxpoolLayer():
  ^
../layers.c: 2 warnings, 0 errors
Finished building: ../layers.c
 
Building file: ../main.c
Invoking: ARM C Compiler
armcc --cpu=Cortex-A9 --fpu=VFPv3_FP16 -O0 -g --md --depend_format=unix_escaped --no_depend_system_headers -c -o "main.o" "../main.c"
Finished building: ../main.c
 
Building target: ../Altera-SoCFPGA-HelloWorld-Baremetal-ARMCC.axf
Invoking: ARM Linker
armlink --cpu=Cortex-A9 --fpu=VFPv3_FP16 --scatter="/tp/xph3sei/xph3sei708/CNN/ALTERA_CNN_BARE_METAL_FINAL/RemoteSystemsTempFiles/Altera-SoCFPGA-HelloWorld-Baremetal-ARMCC/scatter_SDRAM.scat" --info=sizes -o "../Altera-SoCFPGA-HelloWorld-Baremetal-ARMCC.axf"  ./layers.o ./main.o   

==============================================================================

Image component sizes


      Code (inc. data)   RO Data    RW Data    ZI Data      Debug   Object Name

       412          0          0          0          0       3853   layers.o
       220         36         64          0          0       2535   main.o

    ----------------------------------------------------------------------
       632         36         80          0   16777216       6388   Object Totals
         0          0         16          0   16777216          0   (incl. Generated)
         0          0          0          0          0          0   (incl. Padding)

    ----------------------------------------------------------------------

      Code (inc. data)   RO Data    RW Data    ZI Data      Debug   Library Member Name

         8          0          0          0          0         68   __main.o
       184          0          0          0          0         84   __printf_ss.o
         0          0          0          0          0          0   __rtentry.o
        12          0          0          0          0          0   __rtentry2.o
         8          4          0          0          0          0   __rtentry6.o
        52          8          0          0          0          0   __scatter.o
        28          0          0          0          0          0   __scatter_zi.o
        48          6          0          0          0         96   _printf_char_common.o
        36          4          0          0          0         80   _printf_char_file.o
         6          0          0          0          0          0   _printf_f.o
      1038          0          0          0          0        216   _printf_fp_dec.o
       128         16          0          0          0         84   _printf_fp_infnan.o
         0          0          0          0          0          0   _printf_percent.o
         4          0          0          0          0          0   _printf_percent_end.o
       380          0          0          0          0         76   aeabi_sdiv.o
       216          6        148          0          0         96   bigflt0.o
      1910        128          0          0          0        672   btod.o
        10          0          0          0          0         68   defsig_exit.o
        50          0          0          0          0         88   defsig_general.o
        80         58          0          0          0         76   defsig_rtmem_inner.o
        14          0          0          0          0         80   defsig_rtmem_outer.o
        52         38          0          0          0         76   defsig_rtred_inner.o
        14          0          0          0          0         80   defsig_rtred_outer.o
        18          0          0          0          0         80   exit.o
        76          0          0          0          0         88   fclose.o
         8          0          0          0          0         68   ferror.o
       470          0          0          0          0         88   flsbuf.o
       236          4          0          0          0        128   fopen.o
        26          0          0          0          0         68   fputc.o
       248          6          0          0          0         84   fseek.o
        66          0          0          0          0         76   ftell.o
        94          0          0          0          0         80   h1_alloc.o
        48          0          0          0          0         68   h1_extend.o
        78          0          0          0          0         80   h1_free.o
        14          0          0          0          0         84   h1_init.o
        80          6          0          4          0         96   heapauxa.o
         4          0          0          0          0        136   hguard.o
         0          0          0          0          0          0   indicate_semi.o
       136          0          0          0          0        168   init_alloc.o
       312         46          0          0          0        112   initio.o
        44         10         28          0          0         76   lc_numeric_c.o
         2          0          0          0          0          0   libinit.o
        30          0          0          0          0          0   libinit2.o
        16          8          0          0          0          0   libinit4.o
         2          0          0          0          0          0   libshutdown.o
         6          0          0          0          0          0   libshutdown2.o
         0          0          0          0         96          0   libspace.o
       152          0          0          0          0         80   lludiv10.o
         0          0          0          0          0          0   maybetermalloc1.o
        24          4          0          0          0         84   noretval__2printf.o
         8          4          0          0          0         68   rt_errno_addr_intlibspace.o
         8          4          0          0          0         68   rt_heap_descriptor_intlibspace.o
         8          4          0          0          0         68   rt_locale_intlibspace.o
        80          0          0          0          0        172   rt_neon_memclr_w.o
       124          0          0          0          0        192   rt_noneon_memcpy_w_ca9.o
         2          0          0          0          0          0   rtexit.o
        10          0          0          0          0          0   rtexit2.o
        44          0          0          0          0         68   rtudiv10.o
        70          0          0          0          0         80   setvbuf.o
       240          6          0          0          0        156   stdio.o
         0          0          0         12        252          0   stdio_streams.o
make: warning:  Clock skew detected.  Your build may be incomplete.
       244          4          0          0          0         80   strcmp.o
        58          0          0          0          0         68   strlen.o
        36          6          0          4          0        100   sys_clock.o
        12          4          0          0          0         68   sys_exit.o
       102          0         12          0          0        240   sys_io.o
        14          0          0          0          0         76   sys_wrch.o
         2          0          0          0          0         68   use_no_semi.o
        10          0          0          0          0        116   fpinit.o
         4          0          0          0          0        116   printf1.o
         0          0          0          0          0          0   usenofp.o
        48          0          0          0          0        124   fpclassify.o

    ----------------------------------------------------------------------
      7604        384        188         20        348       5612   Library Totals
        12          0          0          0          0          0   (incl. Padding)

    ----------------------------------------------------------------------

      Code (inc. data)   RO Data    RW Data    ZI Data      Debug   Library Name

      7530        384        188         20        348       5256   c_2.l
        14          0          0          0          0        232   fz_2v.l
        48          0          0          0          0        124   m_2v.l

    ----------------------------------------------------------------------
      7604        384        188         20        348       5612   Library Totals

    ----------------------------------------------------------------------

==============================================================================


      Code (inc. data)   RO Data    RW Data    ZI Data      Debug   

      8236        420        268         20   16777564       9032   Grand Totals
      8236        420        268         20   16777564       9032   ELF Image Totals
      8236        420        268         20          0          0   ROM Totals

==============================================================================

    Total RO  Size (Code + RO Data)                 8504 (   8.30kB)
    Total RW  Size (RW Data + ZI Data)          16777584 (16384.36kB)
    Total ROM Size (Code + RO Data + RW Data)       8524 (   8.32kB)

==============================================================================

Finished building target: ../Altera-SoCFPGA-HelloWorld-Baremetal-ARMCC.axf
 
17:36:02 **** Clean-only build of configuration Debug for project Altera-SoCFPGA-HelloWorld-Baremetal-ARMCC ****
make clean 
clean    ./layers.d ./main.d         ./layers.o ./main.o      ../Altera-SoCFPGA-HelloWorld-Baremetal-ARMCC.axf 
 
17:36:04 **** Build of configuration Debug for project Altera-SoCFPGA-HelloWorld-Baremetal-ARMCC ****
make all 
make: Warning: File 'objects.mk' has modification time 1.3 s in the future
Building file: ../layers.c
Invoking: ARM C Compiler
armcc --cpu=Cortex-A9 --fpu=VFPv3_FP16 -O0 -g --md --depend_format=unix_escaped --no_depend_system_headers -c -o "layers.o" "../layers.c"
"../layers.c", line 47: Warning:  #9-D: nested comment is not allowed
      /*for(int i=0;i<outputChannels;i++){
      ^
"../layers.c", line 71: Warning:  #9-D: nested comment is not allowed
  /*class MaxpoolLayer():
  ^
../layers.c: 2 warnings, 0 errors
Finished building: ../layers.c
 
Building file: ../main.c
Invoking: ARM C Compiler
armcc --cpu=Cortex-A9 --fpu=VFPv3_FP16 -O0 -g --md --depend_format=unix_escaped --no_depend_system_headers -c -o "main.o" "../main.c"
Finished building: ../main.c
 
Building target: ../Altera-SoCFPGA-HelloWorld-Baremetal-ARMCC.axf
Invoking: ARM Linker
armlink --cpu=Cortex-A9 --fpu=VFPv3_FP16 --scatter="/tp/xph3sei/xph3sei708/CNN/ALTERA_CNN_BARE_METAL_FINAL/RemoteSystemsTempFiles/Altera-SoCFPGA-HelloWorld-Baremetal-ARMCC/scatter_SDRAM.scat" --info=sizes -o "../Altera-SoCFPGA-HelloWorld-Baremetal-ARMCC.axf"  ./layers.o ./main.o   

==============================================================================

Image component sizes


      Code (inc. data)   RO Data    RW Data    ZI Data      Debug   Object Name

       412          0          0          0          0       3853   layers.o
       220         36         64          0          0       2535   main.o

    ----------------------------------------------------------------------
       632         36         80          0   16777216       6388   Object Totals
         0          0         16          0   16777216          0   (incl. Generated)
         0          0          0          0          0          0   (incl. Padding)

    ----------------------------------------------------------------------

      Code (inc. data)   RO Data    RW Data    ZI Data      Debug   Library Member Name

         8          0          0          0          0         68   __main.o
       184          0          0          0          0         84   __printf_ss.o
         0          0          0          0          0          0   __rtentry.o
        12          0          0          0          0          0   __rtentry2.o
         8          4          0          0          0          0   __rtentry6.o
        52          8          0          0          0          0   __scatter.o
        28          0          0          0          0          0   __scatter_zi.o
        48          6          0          0          0         96   _printf_char_common.o
        36          4          0          0          0         80   _printf_char_file.o
         6          0          0          0          0          0   _printf_f.o
      1038          0          0          0          0        216   _printf_fp_dec.o
       128         16          0          0          0         84   _printf_fp_infnan.o
         0          0          0          0          0          0   _printf_percent.o
         4          0          0          0          0          0   _printf_percent_end.o
       380          0          0          0          0         76   aeabi_sdiv.o
       216          6        148          0          0         96   bigflt0.o
      1910        128          0          0          0        672   btod.o
        10          0          0          0          0         68   defsig_exit.o
        50          0          0          0          0         88   defsig_general.o
        80         58          0          0          0         76   defsig_rtmem_inner.o
        14          0          0          0          0         80   defsig_rtmem_outer.o
        52         38          0          0          0         76   defsig_rtred_inner.o
        14          0          0          0          0         80   defsig_rtred_outer.o
        18          0          0          0          0         80   exit.o
        76          0          0          0          0         88   fclose.o
         8          0          0          0          0         68   ferror.o
       470          0          0          0          0         88   flsbuf.o
       236          4          0          0          0        128   fopen.o
        26          0          0          0          0         68   fputc.o
       248          6          0          0          0         84   fseek.o
        66          0          0          0          0         76   ftell.o
        94          0          0          0          0         80   h1_alloc.o
        48          0          0          0          0         68   h1_extend.o
        78          0          0          0          0         80   h1_free.o
        14          0          0          0          0         84   h1_init.o
        80          6          0          4          0         96   heapauxa.o
         4          0          0          0          0        136   hguard.o
make: warning:  Clock skew detected.  Your build may be incomplete.
         0          0          0          0          0          0   indicate_semi.o
       136          0          0          0          0        168   init_alloc.o
       312         46          0          0          0        112   initio.o
        44         10         28          0          0         76   lc_numeric_c.o
         2          0          0          0          0          0   libinit.o
        30          0          0          0          0          0   libinit2.o
        16          8          0          0          0          0   libinit4.o
         2          0          0          0          0          0   libshutdown.o
         6          0          0          0          0          0   libshutdown2.o
         0          0          0          0         96          0   libspace.o
       152          0          0          0          0         80   lludiv10.o
         0          0          0          0          0          0   maybetermalloc1.o
        24          4          0          0          0         84   noretval__2printf.o
         8          4          0          0          0         68   rt_errno_addr_intlibspace.o
         8          4          0          0          0         68   rt_heap_descriptor_intlibspace.o
         8          4          0          0          0         68   rt_locale_intlibspace.o
        80          0          0          0          0        172   rt_neon_memclr_w.o
       124          0          0          0          0        192   rt_noneon_memcpy_w_ca9.o
         2          0          0          0          0          0   rtexit.o
        10          0          0          0          0          0   rtexit2.o
        44          0          0          0          0         68   rtudiv10.o
        70          0          0          0          0         80   setvbuf.o
       240          6          0          0          0        156   stdio.o
         0          0          0         12        252          0   stdio_streams.o
       244          4          0          0          0         80   strcmp.o
        58          0          0          0          0         68   strlen.o
        36          6          0          4          0        100   sys_clock.o
        12          4          0          0          0         68   sys_exit.o
       102          0         12          0          0        240   sys_io.o
        14          0          0          0          0         76   sys_wrch.o
         2          0          0          0          0         68   use_no_semi.o
        10          0          0          0          0        116   fpinit.o
         4          0          0          0          0        116   printf1.o
         0          0          0          0          0          0   usenofp.o
        48          0          0          0          0        124   fpclassify.o

    ----------------------------------------------------------------------
      7604        384        188         20        348       5612   Library Totals
        12          0          0          0          0          0   (incl. Padding)

    ----------------------------------------------------------------------

      Code (inc. data)   RO Data    RW Data    ZI Data      Debug   Library Name

      7530        384        188         20        348       5256   c_2.l
        14          0          0          0          0        232   fz_2v.l
        48          0          0          0          0        124   m_2v.l

    ----------------------------------------------------------------------
      7604        384        188         20        348       5612   Library Totals

    ----------------------------------------------------------------------

==============================================================================


      Code (inc. data)   RO Data    RW Data    ZI Data      Debug   

      8236        420        268         20   16777564       9032   Grand Totals
      8236        420        268         20   16777564       9032   ELF Image Totals
      8236        420        268         20          0          0   ROM Totals

==============================================================================

    Total RO  Size (Code + RO Data)                 8504 (   8.30kB)
    Total RW  Size (RW Data + ZI Data)          16777584 (16384.36kB)
    Total ROM Size (Code + RO Data + RW Data)       8524 (   8.32kB)

==============================================================================

Finished building target: ../Altera-SoCFPGA-HelloWorld-Baremetal-ARMCC.axf
 
